id,program-counter,disasm,num-scalar-instr-before,num-scalar-cycles-before,address,granted-vector-length,requested-vector-length,address-offsets,thread-id,core-id,single-element-width,length-multiplier,register-gather-index,register-dest,register-source-1,register-source-2,register-source-3,masked-operation
0,0x0,".config VLEN=4096,ELEN=64",0,0,,0,,,3990016,0,8,1,,,,,,
1,0x2db28,"vsetvli	a4, a4, e64,m1",372601074310486,704733497501922,,64,1024,,3990016,0,64,1,,"x14","x14",,,
2,0x2db2c,"vle.v	v1, (a3)",4188,27555,0xbbba0,64,,,3990016,0,64,1,,"v1","x13",,,0
3,0x2db30,"vle.v	v2, (a2)",4188,16248,0xbdbb0,64,,,3990016,0,64,1,,"v2","x12",,,0
4,0x2db34,"vfmul.vv	v3, v1, v2",4188,12002,,64,,,3990016,0,64,1,,"v3","v1","v2",,0
5,0x2db38,"vfmul.vf	v4, v2, ft0",4188,15586,,64,,,3990016,0,64,1,,"v4","v2","f0",,0
6,0x2db3c,"vfadd.vv	v3, v3, v4",4188,15282,,64,,,3990016,0,64,1,,"v3","v3","v4",,0
7,0x2db40,"vfmul.vv	v1, v1, v3",4188,12069,,64,,,3990016,0,64,1,,"v1","v1","v3",,0
8,0x2db48,"vfadd.vv	v1, v2, v1",4189,11445,,64,,,3990016,0,64,1,,"v1","v2","v1",,0
9,0x2db50,"vse.v	v1, (a2)",4190,11032,0xbdbb0,64,,,3990016,0,64,1,,,"v1","x12",,0
10,0x2db28,"vsetvli	a4, a4, e64,m1",10850,35755,,64,960,,3990016,0,64,1,,"x14","x14",,,
11,0x2db2c,"vle.v	v1, (a3)",13564,38926,0xbbda0,64,,,3990016,0,64,1,,"v1","x13",,,0
12,0x2db30,"vle.v	v2, (a2)",4188,10937,0xbddb0,64,,,3990016,0,64,1,,"v2","x12",,,0
13,0x2db34,"vfmul.vv	v3, v1, v2",4188,11348,,64,,,3990016,0,64,1,,"v3","v1","v2",,0
14,0x2db38,"vfmul.vf	v4, v2, ft0",4188,10783,,64,,,3990016,0,64,1,,"v4","v2","f0",,0
15,0x2db3c,"vfadd.vv	v3, v3, v4",4188,10486,,64,,,3990016,0,64,1,,"v3","v3","v4",,0
16,0x2db40,"vfmul.vv	v1, v1, v3",4188,10697,,64,,,3990016,0,64,1,,"v1","v1","v3",,0
17,0x2db48,"vfadd.vv	v1, v2, v1",4189,10798,,64,,,3990016,0,64,1,,"v1","v2","v1",,0
18,0x2db50,"vse.v	v1, (a2)",4190,10906,0xbddb0,64,,,3990016,0,64,1,,,"v1","x12",,0
19,0x2db28,"vsetvli	a4, a4, e64,m1",4193,10827,,64,896,,3990016,0,64,1,,"x14","x14",,,
20,0x2db2c,"vle.v	v1, (a3)",13643,38558,0xbbfa0,64,,,3990016,0,64,1,,"v1","x13",,,0
21,0x2db30,"vle.v	v2, (a2)",4188,11734,0xbdfb0,64,,,3990016,0,64,1,,"v2","x12",,,0
22,0x2db34,"vfmul.vv	v3, v1, v2",13475,38008,,64,,,3990016,0,64,1,,"v3","v1","v2",,0
23,0x2db38,"vfmul.vf	v4, v2, ft0",4188,10874,,64,,,3990016,0,64,1,,"v4","v2","f0",,0
24,0x2db3c,"vfadd.vv	v3, v3, v4",4188,11302,,64,,,3990016,0,64,1,,"v3","v3","v4",,0
25,0x2db40,"vfmul.vv	v1, v1, v3",4188,10832,,64,,,3990016,0,64,1,,"v1","v1","v3",,0
26,0x2db48,"vfadd.vv	v1, v2, v1",4189,10934,,64,,,3990016,0,64,1,,"v1","v2","v1",,0
27,0x2db50,"vse.v	v1, (a2)",4190,10884,0xbdfb0,64,,,3990016,0,64,1,,,"v1","x12",,0
28,0x2db28,"vsetvli	a4, a4, e64,m1",4193,10754,,64,832,,3990016,0,64,1,,"x14","x14",,,
29,0x2db2c,"vle.v	v1, (a3)",4188,11078,0xbc1a0,64,,,3990016,0,64,1,,"v1","x13",,,0
30,0x2db30,"vle.v	v2, (a2)",13453,39482,0xbe1b0,64,,,3990016,0,64,1,,"v2","x12",,,0
31,0x2db34,"vfmul.vv	v3, v1, v2",4188,11150,,64,,,3990016,0,64,1,,"v3","v1","v2",,0
32,0x2db38,"vfmul.vf	v4, v2, ft0",4188,10751,,64,,,3990016,0,64,1,,"v4","v2","f0",,0
33,0x2db3c,"vfadd.vv	v3, v3, v4",13414,39278,,64,,,3990016,0,64,1,,"v3","v3","v4",,0
34,0x2db40,"vfmul.vv	v1, v1, v3",4188,11547,,64,,,3990016,0,64,1,,"v1","v1","v3",,0
35,0x2db48,"vfadd.vv	v1, v2, v1",4189,10668,,64,,,3990016,0,64,1,,"v1","v2","v1",,0
36,0x2db50,"vse.v	v1, (a2)",4190,10609,0xbe1b0,64,,,3990016,0,64,1,,,"v1","x12",,0
37,0x2db28,"vsetvli	a4, a4, e64,m1",4193,10800,,64,768,,3990016,0,64,1,,"x14","x14",,,
38,0x2db2c,"vle.v	v1, (a3)",4188,11451,0xbc3a0,64,,,3990016,0,64,1,,"v1","x13",,,0
39,0x2db30,"vle.v	v2, (a2)",4188,10698,0xbe3b0,64,,,3990016,0,64,1,,"v2","x12",,,0
40,0x2db34,"vfmul.vv	v3, v1, v2",6907,18314,,64,,,3990016,0,64,1,,"v3","v1","v2",,0
41,0x2db38,"vfmul.vf	v4, v2, ft0",14277,46838,,64,,,3990016,0,64,1,,"v4","v2","f0",,0
42,0x2db3c,"vfadd.vv	v3, v3, v4",4188,10446,,64,,,3990016,0,64,1,,"v3","v3","v4",,0
43,0x2db40,"vfmul.vv	v1, v1, v3",4188,10607,,64,,,3990016,0,64,1,,"v1","v1","v3",,0
44,0x2db48,"vfadd.vv	v1, v2, v1",4189,10867,,64,,,3990016,0,64,1,,"v1","v2","v1",,0
45,0x2db50,"vse.v	v1, (a2)",4190,10812,0xbe3b0,64,,,3990016,0,64,1,,,"v1","x12",,0
46,0x2db28,"vsetvli	a4, a4, e64,m1",4193,10793,,64,704,,3990016,0,64,1,,"x14","x14",,,
47,0x2db2c,"vle.v	v1, (a3)",6907,19588,0xbc5a0,64,,,3990016,0,64,1,,"v1","x13",,,0
48,0x2db30,"vle.v	v2, (a2)",13414,37838,0xbe5b0,64,,,3990016,0,64,1,,"v2","x12",,,0
49,0x2db34,"vfmul.vv	v3, v1, v2",6907,19346,,64,,,3990016,0,64,1,,"v3","v1","v2",,0
50,0x2db38,"vfmul.vf	v4, v2, ft0",4188,11112,,64,,,3990016,0,64,1,,"v4","v2","f0",,0
51,0x2db3c,"vfadd.vv	v3, v3, v4",6907,19460,,64,,,3990016,0,64,1,,"v3","v3","v4",,0
52,0x2db40,"vfmul.vv	v1, v1, v3",4188,10672,,64,,,3990016,0,64,1,,"v1","v1","v3",,0
53,0x2db48,"vfadd.vv	v1, v2, v1",4189,10828,,64,,,3990016,0,64,1,,"v1","v2","v1",,0
54,0x2db50,"vse.v	v1, (a2)",4190,10561,0xbe5b0,64,,,3990016,0,64,1,,,"v1","x12",,0
55,0x2db28,"vsetvli	a4, a4, e64,m1",4193,10994,,64,640,,3990016,0,64,1,,"x14","x14",,,
56,0x2db2c,"vle.v	v1, (a3)",4188,10599,0xbc7a0,64,,,3990016,0,64,1,,"v1","x13",,,0
57,0x2db30,"vle.v	v2, (a2)",6907,18870,0xbe7b0,64,,,3990016,0,64,1,,"v2","x12",,,0
58,0x2db34,"vfmul.vv	v3, v1, v2",4188,11148,,64,,,3990016,0,64,1,,"v3","v1","v2",,0
59,0x2db38,"vfmul.vf	v4, v2, ft0",13457,39158,,64,,,3990016,0,64,1,,"v4","v2","f0",,0
60,0x2db3c,"vfadd.vv	v3, v3, v4",4188,10730,,64,,,3990016,0,64,1,,"v3","v3","v4",,0
61,0x2db40,"vfmul.vv	v1, v1, v3",4188,10702,,64,,,3990016,0,64,1,,"v1","v1","v3",,0
62,0x2db48,"vfadd.vv	v1, v2, v1",4189,10636,,64,,,3990016,0,64,1,,"v1","v2","v1",,0
63,0x2db50,"vse.v	v1, (a2)",4190,10711,0xbe7b0,64,,,3990016,0,64,1,,,"v1","x12",,0
64,0x2db28,"vsetvli	a4, a4, e64,m1",6916,19306,,64,576,,3990016,0,64,1,,"x14","x14",,,
65,0x2db2c,"vle.v	v1, (a3)",6907,18226,0xbc9a0,64,,,3990016,0,64,1,,"v1","x13",,,0
66,0x2db30,"vle.v	v2, (a2)",6907,18286,0xbe9b0,64,,,3990016,0,64,1,,"v2","x12",,,0
67,0x2db34,"vfmul.vv	v3, v1, v2",14200,41118,,64,,,3990016,0,64,1,,"v3","v1","v2",,0
68,0x2db38,"vfmul.vf	v4, v2, ft0",4188,10902,,64,,,3990016,0,64,1,,"v4","v2","f0",,0
69,0x2db3c,"vfadd.vv	v3, v3, v4",13453,38484,,64,,,3990016,0,64,1,,"v3","v3","v4",,0
70,0x2db40,"vfmul.vv	v1, v1, v3",4188,10802,,64,,,3990016,0,64,1,,"v1","v1","v3",,0
71,0x2db48,"vfadd.vv	v1, v2, v1",4189,11248,,64,,,3990016,0,64,1,,"v1","v2","v1",,0
72,0x2db50,"vse.v	v1, (a2)",4190,10661,0xbe9b0,64,,,3990016,0,64,1,,,"v1","x12",,0
73,0x2db28,"vsetvli	a4, a4, e64,m1",4193,10542,,64,512,,3990016,0,64,1,,"x14","x14",,,
74,0x2db2c,"vle.v	v1, (a3)",4188,10584,0xbcba0,64,,,3990016,0,64,1,,"v1","x13",,,0
75,0x2db30,"vle.v	v2, (a2)",4188,10968,0xbebb0,64,,,3990016,0,64,1,,"v2","x12",,,0
76,0x2db34,"vfmul.vv	v3, v1, v2",13568,37834,,64,,,3990016,0,64,1,,"v3","v1","v2",,0
77,0x2db38,"vfmul.vf	v4, v2, ft0",4188,10837,,64,,,3990016,0,64,1,,"v4","v2","f0",,0
78,0x2db3c,"vfadd.vv	v3, v3, v4",4188,10871,,64,,,3990016,0,64,1,,"v3","v3","v4",,0
79,0x2db40,"vfmul.vv	v1, v1, v3",4188,10690,,64,,,3990016,0,64,1,,"v1","v1","v3",,0
80,0x2db48,"vfadd.vv	v1, v2, v1",4189,10730,,64,,,3990016,0,64,1,,"v1","v2","v1",,0
81,0x2db50,"vse.v	v1, (a2)",4190,10498,0xbebb0,64,,,3990016,0,64,1,,,"v1","x12",,0
82,0x2db28,"vsetvli	a4, a4, e64,m1",4193,10851,,64,448,,3990016,0,64,1,,"x14","x14",,,
83,0x2db2c,"vle.v	v1, (a3)",10849,30078,0xbcda0,64,,,3990016,0,64,1,,"v1","x13",,,0
84,0x2db30,"vle.v	v2, (a2)",4188,10852,0xbedb0,64,,,3990016,0,64,1,,"v2","x12",,,0
85,0x2db34,"vfmul.vv	v3, v1, v2",4188,10792,,64,,,3990016,0,64,1,,"v3","v1","v2",,0
86,0x2db38,"vfmul.vf	v4, v2, ft0",4188,10797,,64,,,3990016,0,64,1,,"v4","v2","f0",,0
87,0x2db3c,"vfadd.vv	v3, v3, v4",4188,11096,,64,,,3990016,0,64,1,,"v3","v3","v4",,0
88,0x2db40,"vfmul.vv	v1, v1, v3",4188,10698,,64,,,3990016,0,64,1,,"v1","v1","v3",,0
89,0x2db48,"vfadd.vv	v1, v2, v1",4189,10744,,64,,,3990016,0,64,1,,"v1","v2","v1",,0
90,0x2db50,"vse.v	v1, (a2)",4190,10509,0xbedb0,64,,,3990016,0,64,1,,,"v1","x12",,0
91,0x2db28,"vsetvli	a4, a4, e64,m1",4193,10436,,64,384,,3990016,0,64,1,,"x14","x14",,,
92,0x2db2c,"vle.v	v1, (a3)",4188,11180,0xbcfa0,64,,,3990016,0,64,1,,"v1","x13",,,0
93,0x2db30,"vle.v	v2, (a2)",4188,11328,0xbefb0,64,,,3990016,0,64,1,,"v2","x12",,,0
94,0x2db34,"vfmul.vv	v3, v1, v2",4188,10982,,64,,,3990016,0,64,1,,"v3","v1","v2",,0
95,0x2db38,"vfmul.vf	v4, v2, ft0",13409,39878,,64,,,3990016,0,64,1,,"v4","v2","f0",,0
96,0x2db3c,"vfadd.vv	v3, v3, v4",4188,11158,,64,,,3990016,0,64,1,,"v3","v3","v4",,0
97,0x2db40,"vfmul.vv	v1, v1, v3",4188,10828,,64,,,3990016,0,64,1,,"v1","v1","v3",,0
98,0x2db48,"vfadd.vv	v1, v2, v1",13416,38440,,64,,,3990016,0,64,1,,"v1","v2","v1",,0
99,0x2db50,"vse.v	v1, (a2)",4190,10516,0xbefb0,64,,,3990016,0,64,1,,,"v1","x12",,0
100,0x2db28,"vsetvli	a4, a4, e64,m1",6912,18344,,64,320,,3990016,0,64,1,,"x14","x14",,,
101,0x2db2c,"vle.v	v1, (a3)",14670,39469,0xbd1a0,64,,,3990016,0,64,1,,"v1","x13",,,0
102,0x2db30,"vle.v	v2, (a2)",4188,10682,0xbf1b0,64,,,3990016,0,64,1,,"v2","x12",,,0
103,0x2db34,"vfmul.vv	v3, v1, v2",10845,30224,,64,,,3990016,0,64,1,,"v3","v1","v2",,0
104,0x2db38,"vfmul.vf	v4, v2, ft0",4188,10866,,64,,,3990016,0,64,1,,"v4","v2","f0",,0
105,0x2db3c,"vfadd.vv	v3, v3, v4",4188,10547,,64,,,3990016,0,64,1,,"v3","v3","v4",,0
106,0x2db40,"vfmul.vv	v1, v1, v3",4188,10772,,64,,,3990016,0,64,1,,"v1","v1","v3",,0
107,0x2db48,"vfadd.vv	v1, v2, v1",13458,39606,,64,,,3990016,0,64,1,,"v1","v2","v1",,0
108,0x2db50,"vse.v	v1, (a2)",4190,10858,0xbf1b0,64,,,3990016,0,64,1,,,"v1","x12",,0
109,0x2db28,"vsetvli	a4, a4, e64,m1",4193,10830,,64,256,,3990016,0,64,1,,"x14","x14",,,
110,0x2db2c,"vle.v	v1, (a3)",11622,31958,0xbd3a0,64,,,3990016,0,64,1,,"v1","x13",,,0
111,0x2db30,"vle.v	v2, (a2)",4188,10566,0xbf3b0,64,,,3990016,0,64,1,,"v2","x12",,,0
112,0x2db34,"vfmul.vv	v3, v1, v2",4188,11027,,64,,,3990016,0,64,1,,"v3","v1","v2",,0
113,0x2db38,"vfmul.vf	v4, v2, ft0",4188,10849,,64,,,3990016,0,64,1,,"v4","v2","f0",,0
114,0x2db3c,"vfadd.vv	v3, v3, v4",4188,10436,,64,,,3990016,0,64,1,,"v3","v3","v4",,0
115,0x2db40,"vfmul.vv	v1, v1, v3",4188,10575,,64,,,3990016,0,64,1,,"v1","v1","v3",,0
116,0x2db48,"vfadd.vv	v1, v2, v1",4189,10645,,64,,,3990016,0,64,1,,"v1","v2","v1",,0
117,0x2db50,"vse.v	v1, (a2)",4190,10826,0xbf3b0,64,,,3990016,0,64,1,,,"v1","x12",,0
118,0x2db28,"vsetvli	a4, a4, e64,m1",4193,10997,,64,192,,3990016,0,64,1,,"x14","x14",,,
119,0x2db2c,"vle.v	v1, (a3)",13564,37404,0xbd5a0,64,,,3990016,0,64,1,,"v1","x13",,,0
120,0x2db30,"vle.v	v2, (a2)",4188,10870,0xbf5b0,64,,,3990016,0,64,1,,"v2","x12",,,0
121,0x2db34,"vfmul.vv	v3, v1, v2",4188,10598,,64,,,3990016,0,64,1,,"v3","v1","v2",,0
122,0x2db38,"vfmul.vf	v4, v2, ft0",4188,10738,,64,,,3990016,0,64,1,,"v4","v2","f0",,0
123,0x2db3c,"vfadd.vv	v3, v3, v4",4188,10665,,64,,,3990016,0,64,1,,"v3","v3","v4",,0
124,0x2db40,"vfmul.vv	v1, v1, v3",4188,10518,,64,,,3990016,0,64,1,,"v1","v1","v3",,0
125,0x2db48,"vfadd.vv	v1, v2, v1",4189,10710,,64,,,3990016,0,64,1,,"v1","v2","v1",,0
126,0x2db50,"vse.v	v1, (a2)",13445,37690,0xbf5b0,64,,,3990016,0,64,1,,,"v1","x12",,0
127,0x2db28,"vsetvli	a4, a4, e64,m1",4193,10748,,64,128,,3990016,0,64,1,,"x14","x14",,,
128,0x2db2c,"vle.v	v1, (a3)",10845,29432,0xbd7a0,64,,,3990016,0,64,1,,"v1","x13",,,0
129,0x2db30,"vle.v	v2, (a2)",4188,10962,0xbf7b0,64,,,3990016,0,64,1,,"v2","x12",,,0
130,0x2db34,"vfmul.vv	v3, v1, v2",4188,10516,,64,,,3990016,0,64,1,,"v3","v1","v2",,0
131,0x2db38,"vfmul.vf	v4, v2, ft0",13453,39516,,64,,,3990016,0,64,1,,"v4","v2","f0",,0
132,0x2db3c,"vfadd.vv	v3, v3, v4",4188,10702,,64,,,3990016,0,64,1,,"v3","v3","v4",,0
133,0x2db40,"vfmul.vv	v1, v1, v3",4188,10610,,64,,,3990016,0,64,1,,"v1","v1","v3",,0
134,0x2db48,"vfadd.vv	v1, v2, v1",4189,11173,,64,,,3990016,0,64,1,,"v1","v2","v1",,0
135,0x2db50,"vse.v	v1, (a2)",4190,10742,0xbf7b0,64,,,3990016,0,64,1,,,"v1","x12",,0
136,0x2db28,"vsetvli	a4, a4, e64,m1",13460,37555,,64,64,,3990016,0,64,1,,"x14","x14",,,
137,0x2db2c,"vle.v	v1, (a3)",13699,37684,0xbd9a0,64,,,3990016,0,64,1,,"v1","x13",,,0
138,0x2db30,"vle.v	v2, (a2)",4188,10618,0xbf9b0,64,,,3990016,0,64,1,,"v2","x12",,,0
139,0x2db34,"vfmul.vv	v3, v1, v2",4188,10596,,64,,,3990016,0,64,1,,"v3","v1","v2",,0
140,0x2db38,"vfmul.vf	v4, v2, ft0",4188,10680,,64,,,3990016,0,64,1,,"v4","v2","f0",,0
141,0x2db3c,"vfadd.vv	v3, v3, v4",4188,10574,,64,,,3990016,0,64,1,,"v3","v3","v4",,0
142,0x2db40,"vfmul.vv	v1, v1, v3",4188,10690,,64,,,3990016,0,64,1,,"v1","v1","v3",,0
143,0x2db48,"vfadd.vv	v1, v2, v1",4189,10816,,64,,,3990016,0,64,1,,"v1","v2","v1",,0
144,0x2db50,"vse.v	v1, (a2)",4190,10854,0xbf9b0,64,,,3990016,0,64,1,,,"v1","x12",,0
